2025.04.17 22:07:04 INFO  Started: Metals version 1.5.2 in folders 'C:\Users\PC\weral' for client Visual Studio Code 1.99.2.
2025.04.17 22:07:07 INFO  no build target found for C:\Users\PC\weral\backend\app\controllers\PersonnelController.scala. Using presentation compiler with project's scala-library version: 3.3.5
avr. 17, 2025 10:07:12 PM org.eclipse.lsp4j.jsonrpc.RemoteEndpoint handleCancellation
WARNING: Unmatched cancel notification for request id 1
2025.04.17 22:07:12 INFO  no build target found for C:\Users\PC\weral\backend\app\controllers\PersonnelController.scala. Using presentation compiler with project's scala-library version: 3.3.5
2025.04.17 22:07:12 INFO  no build target found for C:\Users\PC\weral\backend\app\dao\PersonnelDao.scala. Using presentation compiler with project's scala-library version: 3.3.5
2025.04.17 22:07:12 INFO  Attempting to connect to the build server...
2025.04.17 22:07:12 INFO  Found a Bloop server running
2025.04.17 22:07:13 INFO  no build target found for C:\Users\PC\weral\backend\app\dao\PersonnelDao.scala. Using presentation compiler with project's scala-library version: 3.3.5
2025.04.17 22:07:13 INFO  no build target found for C:\Users\PC\weral\backend\app\dao\PersonnelDao.scala. Using presentation compiler with project's scala-library version: 3.3.5
avr. 17, 2025 10:07:14 PM org.eclipse.lsp4j.jsonrpc.RemoteEndpoint handleCancellation
WARNING: Unmatched cancel notification for request id 10
2025.04.17 22:07:15 INFO  no build target found for C:\Users\PC\weral\backend\app\dao\PersonnelDao.scala. Using presentation compiler with project's scala-library version: 3.3.5
2025.04.17 22:07:16 INFO  tracing is disabled for protocol BSP, to enable tracing of incoming and outgoing JSON messages create an empty file at C:\Users\PC\weral\.metals\bsp.trace.json or C:\Users\PC\AppData\Local\scalameta\metals\cache\bsp.trace.json
2025.04.17 22:07:16 INFO  time: Connected to build server in 4.1s
2025.04.17 22:07:16 INFO  Connected to Build server: Bloop v2.0.9
2025.04.17 22:07:16 INFO  no build target found for C:\Users\PC\weral\backend\app\dao\PersonnelDao.scala. Using presentation compiler with project's scala-library version: 3.3.5
avr. 17, 2025 10:07:17 PM scala.meta.internal.metals.StdReporter $anonfun$create$1
WARNING: Empty build targets. Expected at least one build target identifier. (full report at: C:\Users\PC\weral\.metals\.reports\bloop\2025-04-17\r_Empty build targets...._22-07-17-211.md)
avr. 17, 2025 10:07:17 PM scala.meta.internal.metals.StdReporter $anonfun$create$1
WARNING: Empty build targets. Expected at least one build target identifier. (full report at: C:\Users\PC\weral\.metals\.reports\bloop\2025-04-17\r_Empty build targets...._22-07-17-211.md)
avr. 17, 2025 10:07:17 PM scala.meta.internal.metals.StdReporter $anonfun$create$1
WARNING: Empty build targets. Expected at least one build target identifier. (full report at: C:\Users\PC\weral\.metals\.reports\bloop\2025-04-17\r_Empty build targets...._22-07-17-211.md)
avr. 17, 2025 10:07:17 PM scala.meta.internal.metals.StdReporter $anonfun$create$1
WARNING: Empty build targets. Expected at least one build target identifier. (full report at: C:\Users\PC\weral\.metals\.reports\bloop\2025-04-17\r_Empty build targets...._22-07-17-211.md)
avr. 17, 2025 10:07:17 PM scala.meta.internal.metals.StdReporter $anonfun$create$1
WARNING: Empty build targets. Expected at least one build target identifier. (full report at: C:\Users\PC\weral\.metals\.reports\bloop\2025-04-17\r_Empty build targets...._22-07-17-211.md)
2025.04.17 22:07:17 INFO  time: Imported build in 0.76s
2025.04.17 22:07:20 INFO  no build target found for C:\Users\PC\weral\backend\app\dao\PersonnelDao.scala. Using presentation compiler with project's scala-library version: 3.3.5
2025.04.17 22:07:20 INFO  no build target found for C:\Users\PC\weral\backend\app\dao\PersonnelDao.scala. Using presentation compiler with project's scala-library version: 3.3.5
2025.04.17 22:07:21 INFO  no build target found for C:\Users\PC\weral\backend\app\dao\PersonnelDao.scala. Using presentation compiler with project's scala-library version: 3.3.5
2025.04.17 22:07:23 INFO  no build target found for C:\Users\PC\weral\backend\app\dao\PersonnelDao.scala. Using presentation compiler with project's scala-library version: 3.3.5
2025.04.17 22:07:25 INFO  no build target found for C:\Users\PC\weral\backend\app\dao\PersonnelDao.scala. Using presentation compiler with project's scala-library version: 3.3.5
2025.04.17 22:07:26 INFO  no build target found for C:\Users\PC\weral\backend\app\dao\PersonnelDao.scala. Using presentation compiler with project's scala-library version: 3.3.5
2025.04.17 22:07:28 INFO  no build target found for C:\Users\PC\weral\backend\app\dao\PersonnelDao.scala. Using presentation compiler with project's scala-library version: 3.3.5
2025.04.17 22:07:28 INFO  no build target found for C:\Users\PC\weral\backend\app\dao\PersonnelDao.scala. Using presentation compiler with project's scala-library version: 3.3.5
2025.04.17 22:07:28 INFO  no build target found for C:\Users\PC\weral\backend\app\dao\PersonnelDao.scala. Using presentation compiler with project's scala-library version: 3.3.5
2025.04.17 22:07:29 INFO  no build target found for C:\Users\PC\weral\backend\app\dao\PersonnelDao.scala. Using presentation compiler with project's scala-library version: 3.3.5
2025.04.17 22:07:31 INFO  time: indexed workspace in 13s
2025.04.17 22:07:31 WARN  no build target for: C:\Users\PC\weral\backend\app\dao\PersonnelDao.scala
2025.04.17 22:07:31 INFO  no build target found for C:\Users\PC\weral\backend\app\dao\PersonnelDao.scala. Using presentation compiler with project's scala-library version: 3.3.5
2025.04.17 22:07:31 WARN  no build target for: C:\Users\PC\weral\backend\app\dao\PersonnelDao.scala
2025.04.17 22:07:31 WARN  no build target for: C:\Users\PC\weral\backend\app\controllers\PersonnelController.scala
2025.04.17 22:07:31 INFO  no build target found for C:\Users\PC\weral\backend\app\dao\PersonnelDao.scala. Using presentation compiler with project's scala-library version: 3.3.5
2025.04.17 22:07:33 INFO  no build target found for C:\Users\PC\weral\backend\app\controllers\PersonnelController.scala. Using presentation compiler with project's scala-library version: 3.3.5
2025.04.17 22:07:33 INFO  time: code lens generation in 1.87s
2025.04.17 22:07:33 INFO  time: code lens generation in 1.73s
2025.04.17 22:07:33 INFO  no build target found for C:\Users\PC\weral\backend\app\dao\PersonnelDao.scala. Using presentation compiler with project's scala-library version: 3.3.5
2025.04.17 22:07:33 INFO  time: code lens generation in 2.43s
2025.04.17 22:07:33 INFO  time: code lens generation in 2.44s
2025.04.17 22:07:35 INFO  no build target found for C:\Users\PC\weral\backend\app\dao\PersonnelDao.scala. Using presentation compiler with project's scala-library version: 3.3.5
2025.04.17 22:07:35 INFO  no build target found for C:\Users\PC\weral\backend\app\dao\PersonnelDao.scala. Using presentation compiler with project's scala-library version: 3.3.5
2025.04.17 22:07:37 INFO  no build target found for C:\Users\PC\weral\backend\app\dao\PersonnelDao.scala. Using presentation compiler with project's scala-library version: 3.3.5
avr. 17, 2025 10:12:07 PM org.eclipse.lsp4j.jsonrpc.services.GenericEndpoint notify
INFO: Unsupported notification method: $/setTrace
avr. 17, 2025 10:12:07 PM org.eclipse.lsp4j.jsonrpc.services.GenericEndpoint notify
INFO: Unsupported notification method: $/setTrace
